Barrel Data
[Barrel(sku='MEDIUM_RED_BARREL', ml_per_barrel=2500, potion_type=[1, 0, 0, 0], price=250, quantity=10), Barrel(sku='SMALL_RED_BARREL', ml_per_barrel=500, potion_type=[1, 0, 0, 0], price=100, quantity=10), Barrel(sku='MEDIUM_GREEN_BARREL', ml_per_barrel=2500, potion_type=[0, 1, 0, 0], price=250, quantity=10), Barrel(sku='SMALL_GREEN_BARREL', ml_per_barrel=500, potion_type=[0, 1, 0, 0], price=100, quantity=10), Barrel(sku='MEDIUM_BLUE_BARREL', ml_per_barrel=2500, potion_type=[0, 0, 1, 0], price=300, quantity=10), Barrel(sku='SMALL_BLUE_BARREL', ml_per_barrel=500, potion_type=[0, 0, 1, 0], price=120, quantity=10), Barrel(sku='MINI_RED_BARREL', ml_per_barrel=200, potion_type=[1, 0, 0, 0], price=60, quantity=1), Barrel(sku='MINI_GREEN_BARREL', ml_per_barrel=200, potion_type=[0, 1, 0, 0], price=60, quantity=1), Barrel(sku='MINI_BLUE_BARREL', ml_per_barrel=200, potion_type=[0, 0, 1, 0], price=60, quantity=1)]
Customer Data
visit_id: 21874 customers: [Customer(customer_name='Cassian Hawthorne', character_class='Paladin', level=4), Customer(customer_name='Crusader Emwivniwwyn', character_class='Paladin', level=9), Customer(customer_name='Virtuoso Lachlan Eaglesong', character_class='Bard', level=13), Customer(customer_name='Dawwnok', character_class='Warlock', level=4), Customer(customer_name='Lyra Cloudwalker', character_class='Ranger', level=1), Customer(customer_name='Master Tracker Tejoxmok', character_class='Ranger', level=19), Customer(customer_name='Valiant Tamsin Ravenwind', character_class='Paladin', level=8), Customer(customer_name='Jocelyn Thunderstrike', character_class='Ranger', level=3), Customer(customer_name='Tracker Corwin Winterbourne', character_class='Ranger', level=6), Customer(customer_name='Jareth Eaglesong', character_class='Warlock', level=2), Customer(customer_name='Sentinel Zyelacsh', character_class='Ranger', level=19)]

sample red barrel pre data
[
  {
    "sku": "MINI_RED_BARREL",
    "ml_per_barrel": 200,
    "potion_type": [
      1,
      0,
      0,
      0
    ],
    "price": 60,
    "quantity": 2
  }
]
Sample red barrel post data
[
  {
    "sku": "MINI_RED_BARREL",
    "ml_per_barrel": 200,
    "potion_type": [
      1,
      0,
      0,
      0
    ],
    "price": 60,
    "quantity": 1
  }
]
sample red bottle post data
[
  {
    "potion_type": [
      1,
      0,
      0,
      0
    ],
    "quantity": 2
  }
]

